#-----------------------------------------------------------
# Vivado v2018.3.1_AR71948 (64-bit)
# SW Build 2489853 on Tue Mar 26 04:18:30 MDT 2019
# IP Build 2486929 on Tue Mar 26 06:44:21 MDT 2019
# Start of session at: Mon Nov 22 13:54:54 2021
# Process ID: 22033
# Current directory: /media/wei/DATA/LW/Project/Vivado_Project/Panoseti/V0200/quabo_master/scripts
# Command line: vivado
# Log file: /media/wei/DATA/LW/Project/Vivado_Project/Panoseti/V0200/quabo_master/scripts/vivado.log
# Journal file: /media/wei/DATA/LW/Project/Vivado_Project/Panoseti/V0200/quabo_master/scripts/vivado.jou
#-----------------------------------------------------------
start_gui
open_project /media/wei/DATA/LW/Project/Vivado_Project/Panoseti/V0200/build/quabo_V0200/quabo_V0200.xpr
Scanning sources...
Finished scanning sources
INFO: [IP_Flow 19-234] Refreshing IP repositories
INFO: [IP_Flow 19-1700] Loaded user IP repository '/media/wei/DATA/LW/Project/Vivado_Project/Panoseti/V0200/quabo_master/ip_repo'.
INFO: [IP_Flow 19-2313] Loaded Vivado IP repository '/home/wei/Software/Vivado/install/Vivado/2018.3/data/ip'.
open_project: Time (s): cpu = 00:00:13 ; elapsed = 00:00:10 . Memory (MB): peak = 6526.113 ; gain = 192.781 ; free physical = 12984 ; free virtual = 34883
INFO: [IP_Flow 19-5107] Inferred bus interface 'clk' of definition 'xilinx.com:signal:clock:1.0' (from Xilinx Repository).
WARNING: [IP_Flow 19-3153] Bus Interface 'clk': ASSOCIATED_BUSIF bus parameter is missing.
INFO: [IP_Flow 19-234] Refreshing IP repositories
INFO: [IP_Flow 19-1700] Loaded user IP repository '/media/wei/DATA/LW/Project/Vivado_Project/Panoseti/V0200/quabo_master/ip_repo'.
INFO: [IP_Flow 19-234] Refreshing IP repositories
INFO: [IP_Flow 19-1700] Loaded user IP repository '/media/wei/DATA/LW/Project/Vivado_Project/Panoseti/V0200/quabo_master/ip_repo'.
INFO: [IP_Flow 19-234] Refreshing IP repositories
INFO: [IP_Flow 19-1700] Loaded user IP repository '/media/wei/DATA/LW/Project/Vivado_Project/Panoseti/V0200/quabo_master/ip_repo'.
INFO: [IP_Flow 19-234] Refreshing IP repositories
INFO: [IP_Flow 19-1700] Loaded user IP repository '/media/wei/DATA/LW/Project/Vivado_Project/Panoseti/V0200/quabo_master/ip_repo'.
INFO: [IP_Flow 19-234] Refreshing IP repositories
INFO: [IP_Flow 19-1700] Loaded user IP repository '/media/wei/DATA/LW/Project/Vivado_Project/Panoseti/V0200/quabo_master/ip_repo'.
INFO: [IP_Flow 19-5107] Inferred bus interface 'clk' of definition 'xilinx.com:signal:clock:1.0' (from Xilinx Repository).
WARNING: [IP_Flow 19-3153] Bus Interface 'clk': ASSOCIATED_BUSIF bus parameter is missing.
INFO: [IP_Flow 19-234] Refreshing IP repositories
INFO: [IP_Flow 19-1700] Loaded user IP repository '/media/wei/DATA/LW/Project/Vivado_Project/Panoseti/V0200/quabo_master/ip_repo'.
INFO: [IP_Flow 19-5107] Inferred bus interface 'clk' of definition 'xilinx.com:signal:clock:1.0' (from Xilinx Repository).
INFO: [IP_Flow 19-5107] Inferred bus interface 'hs_clk' of definition 'xilinx.com:signal:clock:1.0' (from Xilinx Repository).
WARNING: [IP_Flow 19-3153] Bus Interface 'clk': ASSOCIATED_BUSIF bus parameter is missing.
WARNING: [IP_Flow 19-3153] Bus Interface 'hs_clk': ASSOCIATED_BUSIF bus parameter is missing.
INFO: [IP_Flow 19-234] Refreshing IP repositories
INFO: [IP_Flow 19-1700] Loaded user IP repository '/media/wei/DATA/LW/Project/Vivado_Project/Panoseti/V0200/quabo_master/ip_repo'.
INFO: [IP_Flow 19-5107] Inferred bus interface 'rst_n' of definition 'xilinx.com:signal:reset:1.0' (from Xilinx Repository).
INFO: [IP_Flow 19-5107] Inferred bus interface 'clk' of definition 'xilinx.com:signal:clock:1.0' (from Xilinx Repository).
INFO: [IP_Flow 19-4728] Bus Interface 'rst_n': Added interface parameter 'POLARITY' with value 'ACTIVE_LOW'.
WARNING: [IP_Flow 19-3153] Bus Interface 'clk': ASSOCIATED_BUSIF bus parameter is missing.
INFO: [IP_Flow 19-234] Refreshing IP repositories
INFO: [IP_Flow 19-1700] Loaded user IP repository '/media/wei/DATA/LW/Project/Vivado_Project/Panoseti/V0200/quabo_master/ip_repo'.
INFO: [IP_Flow 19-234] Refreshing IP repositories
INFO: [IP_Flow 19-1700] Loaded user IP repository '/media/wei/DATA/LW/Project/Vivado_Project/Panoseti/V0200/quabo_master/ip_repo'.
INFO: [IP_Flow 19-5107] Inferred bus interface 'rst' of definition 'xilinx.com:signal:reset:1.0' (from Xilinx Repository).
INFO: [IP_Flow 19-5107] Inferred bus interface 'clk' of definition 'xilinx.com:signal:clock:1.0' (from Xilinx Repository).
INFO: [IP_Flow 19-4728] Bus Interface 'clk': Added interface parameter 'ASSOCIATED_RESET' with value 'rst'.
WARNING: [IP_Flow 19-3153] Bus Interface 'clk': ASSOCIATED_BUSIF bus parameter is missing.
INFO: [IP_Flow 19-234] Refreshing IP repositories
INFO: [IP_Flow 19-1700] Loaded user IP repository '/media/wei/DATA/LW/Project/Vivado_Project/Panoseti/V0200/quabo_master/ip_repo'.
INFO: [IP_Flow 19-234] Refreshing IP repositories
INFO: [IP_Flow 19-1700] Loaded user IP repository '/media/wei/DATA/LW/Project/Vivado_Project/Panoseti/V0200/quabo_master/ip_repo'.
INFO: [IP_Flow 19-5107] Inferred bus interface 'clk' of definition 'xilinx.com:signal:clock:1.0' (from Xilinx Repository).
WARNING: [IP_Flow 19-3153] Bus Interface 'clk': ASSOCIATED_BUSIF bus parameter is missing.
INFO: [IP_Flow 19-234] Refreshing IP repositories
INFO: [IP_Flow 19-1700] Loaded user IP repository '/media/wei/DATA/LW/Project/Vivado_Project/Panoseti/V0200/quabo_master/ip_repo'.
INFO: [IP_Flow 19-234] Refreshing IP repositories
INFO: [IP_Flow 19-1700] Loaded user IP repository '/media/wei/DATA/LW/Project/Vivado_Project/Panoseti/V0200/quabo_master/ip_repo'.
INFO: [IP_Flow 19-5107] Inferred bus interface 'clk' of definition 'xilinx.com:signal:clock:1.0' (from Xilinx Repository).
WARNING: [IP_Flow 19-3153] Bus Interface 'clk': ASSOCIATED_BUSIF bus parameter is missing.
INFO: [IP_Flow 19-234] Refreshing IP repositories
INFO: [IP_Flow 19-1700] Loaded user IP repository '/media/wei/DATA/LW/Project/Vivado_Project/Panoseti/V0200/quabo_master/ip_repo'.
INFO: [IP_Flow 19-234] Refreshing IP repositories
INFO: [IP_Flow 19-1700] Loaded user IP repository '/media/wei/DATA/LW/Project/Vivado_Project/Panoseti/V0200/quabo_master/ip_repo'.
INFO: [IP_Flow 19-5107] Inferred bus interface 'clk' of definition 'xilinx.com:signal:clock:1.0' (from Xilinx Repository).
WARNING: [IP_Flow 19-3153] Bus Interface 'clk': ASSOCIATED_BUSIF bus parameter is missing.
INFO: [IP_Flow 19-234] Refreshing IP repositories
INFO: [IP_Flow 19-1700] Loaded user IP repository '/media/wei/DATA/LW/Project/Vivado_Project/Panoseti/V0200/quabo_master/ip_repo'.
INFO: [IP_Flow 19-5107] Inferred bus interface 'axi_str_rxd' of definition 'xilinx.com:interface:axis:1.0' (from Xilinx Repository).
INFO: [IP_Flow 19-5107] Inferred bus interface 'rst' of definition 'xilinx.com:signal:reset:1.0' (from Xilinx Repository).
INFO: [IP_Flow 19-5107] Inferred bus interface 'clk' of definition 'xilinx.com:signal:clock:1.0' (from Xilinx Repository).
INFO: [IP_Flow 19-4728] Bus Interface 'clk': Added interface parameter 'ASSOCIATED_BUSIF' with value 'axi_str_rxd'.
INFO: [IP_Flow 19-4728] Bus Interface 'clk': Added interface parameter 'ASSOCIATED_RESET' with value 'rst'.
INFO: [IP_Flow 19-234] Refreshing IP repositories
INFO: [IP_Flow 19-1700] Loaded user IP repository '/media/wei/DATA/LW/Project/Vivado_Project/Panoseti/V0200/quabo_master/ip_repo'.
update_compile_order -fileset sources_1
import_files -norecurse /media/wei/DATA/LW/Project/Vivado_Project/Panoseti/V0200/quabo_master/ip_repo/imfifo/imfifo.xci
export_ip_user_files -of_objects  [get_files  /media/wei/DATA/LW/Project/Vivado_Project/Panoseti/V0200/build/quabo_V0200/quabo_V0200.srcs/sources_1/ip/imfifo/imfifo.xci] -lib_map_path [list {modelsim=/media/wei/DATA/LW/Project/Vivado_Project/Panoseti/V0200/build/quabo_V0200/quabo_V0200.cache/compile_simlib/modelsim} {questa=/media/wei/DATA/LW/Project/Vivado_Project/Panoseti/V0200/build/quabo_V0200/quabo_V0200.cache/compile_simlib/questa} {ies=/media/wei/DATA/LW/Project/Vivado_Project/Panoseti/V0200/build/quabo_V0200/quabo_V0200.cache/compile_simlib/ies} {xcelium=/media/wei/DATA/LW/Project/Vivado_Project/Panoseti/V0200/build/quabo_V0200/quabo_V0200.cache/compile_simlib/xcelium} {vcs=/media/wei/DATA/LW/Project/Vivado_Project/Panoseti/V0200/build/quabo_V0200/quabo_V0200.cache/compile_simlib/vcs} {riviera=/media/wei/DATA/LW/Project/Vivado_Project/Panoseti/V0200/build/quabo_V0200/quabo_V0200.cache/compile_simlib/riviera}] -force -quiet
update_compile_order -fileset sources_1
update_module_reference base_mb_IM_FIFO_0_0
INFO: [IP_Flow 19-5107] Inferred bus interface 'axi_str_rxd' of definition 'xilinx.com:interface:axis:1.0' (from Xilinx Repository).
INFO: [IP_Flow 19-5107] Inferred bus interface 'rst' of definition 'xilinx.com:signal:reset:1.0' (from Xilinx Repository).
INFO: [IP_Flow 19-5107] Inferred bus interface 'clk' of definition 'xilinx.com:signal:clock:1.0' (from Xilinx Repository).
INFO: [IP_Flow 19-4728] Bus Interface 'clk': Added interface parameter 'ASSOCIATED_BUSIF' with value 'axi_str_rxd'.
INFO: [IP_Flow 19-4728] Bus Interface 'clk': Added interface parameter 'ASSOCIATED_RESET' with value 'rst'.
INFO: [IP_Flow 19-234] Refreshing IP repositories
INFO: [IP_Flow 19-1700] Loaded user IP repository '/media/wei/DATA/LW/Project/Vivado_Project/Panoseti/V0200/quabo_master/ip_repo'.
Adding cell -- xilinx.com:ip:lmb_bram_if_cntlr:4.0 - dlmb_bram_if_cntlr
Adding cell -- xilinx.com:ip:lmb_v10:3.0 - dlmb_v10
Adding cell -- xilinx.com:ip:lmb_bram_if_cntlr:4.0 - ilmb_bram_if_cntlr
Adding cell -- xilinx.com:ip:lmb_v10:3.0 - ilmb_v10
Adding cell -- xilinx.com:ip:blk_mem_gen:8.4 - lmb_bram
Adding cell -- xilinx.com:module_ref:in_buf_ds_1bit:1.0 - in_buf_ds_1bit_0
Adding cell -- xilinx.com:module_ref:in_buf_ds_4bit:1.0 - in_buf_ds_4bit_0
Adding cell -- xilinx.com:module_ref:in_buf_ds_1bit:1.0 - in_buf_ds_adcbitclk
Adding cell -- xilinx.com:module_ref:stim_gen:1.0 - stim_gen_0
Adding cell -- xilinx.com:module_ref:SPI_MUX:1.0 - SPI_MUX_1
Adding cell -- xilinx.com:module_ref:elapsed_time_gen:1.0 - elapsed_time_gen_0
Adding cell -- xilinx.com:module_ref:SPI_STARTUP:1.0 - SPI_STARTUP_0
Adding cell -- xilinx.com:module_ref:OBUFDS_FOR_CLK:1.0 - OBUFDS_FOR_CLK_0
Adding cell -- xilinx.com:module_ref:PPS_IO:1.0 - PPS_IO_0
Adding cell -- xilinx.com:module_ref:flash_control:1.0 - flash_control_0
Adding cell -- xilinx.com:module_ref:firmware_ID_ROM:1.0 - firmware_ID_ROM_0
Adding cell -- xilinx.com:module_ref:delay:1.0 - delay_0
Adding cell -- xilinx.com:module_ref:SPI_access:1.0 - SPI_access_0
Adding cell -- xilinx.com:module_ref:delay:1.0 - delay_1
Adding cell -- xilinx.com:module_ref:IBUFDS_FOR_CLK:1.0 - IBUFDS_FOR_CLK_0
Adding cell -- xilinx.com:module_ref:step_drive:1.0 - step_drive_0
Adding cell -- xilinx.com:module_ref:pinout_three_state:1.0 - pinout_three_state_0
Adding cell -- xilinx.com:ip:xlslice:1.0 - Bit_3_0
Adding cell -- xilinx.com:ip:xlslice:1.0 - Bit_29_24
Adding cell -- xilinx.com:ip:xlslice:1.0 - Bit_21_21
Adding cell -- xilinx.com:ip:xlslice:1.0 - Bit_19_23
Adding cell -- xilinx.com:ip:xlslice:1.0 - Bit_24_27
Adding cell -- xilinx.com:ip:xlslice:1.0 - Bit_23_23
Adding cell -- xilinx.com:ip:xlslice:1.0 - Bit_28_28
Adding cell -- user.org:user:ETH_CORE_CTRL:2.1 - ETH_CORE_CTRL_0
Adding cell -- user.org:user:ETH_CORE_CTRL:2.1 - ETH_CORE_CTRL_1
Adding cell -- user.org:user:FIFO_for_AXIS:1.4 - FIFO_for_AXIS_0
Adding cell -- xilinx.com:ip:axi_ethernet:7.1 - axi_ethernet_0
Adding cell -- xilinx.com:ip:axi_fifo_mm_s:4.2 - axi_ethernet_0_fifo
Adding cell -- xilinx.com:ip:axi_ethernet:7.1 - axi_ethernet_1
Adding cell -- xilinx.com:ip:axi_gpio:2.0 - GPIO
Adding cell -- xilinx.com:ip:axi_gpio:2.0 - axi_gpio_mech
Adding cell -- xilinx.com:ip:axi_gpio:2.0 - axi_spi_sel
Adding cell -- xilinx.com:ip:axi_hwicap:3.0 - axi_hwicap_0
Adding cell -- xilinx.com:ip:axi_iic:2.0 - axi_iic_0
Adding cell -- xilinx.com:ip:axi_intc:4.1 - axi_intc_0
Adding cell -- xilinx.com:ip:axi_interconnect:2.1 - axi_interconnect_0
Adding cell -- xilinx.com:ip:axi_crossbar:2.1 - xbar
Adding cell -- xilinx.com:ip:axi_quad_spi:3.2 - axi_quad_spi_0
Adding cell -- xilinx.com:ip:axi_quad_spi:3.2 - axi_quad_spi_1
Adding cell -- xilinx.com:ip:axi_timebase_wdt:3.0 - axi_timebase_wdt_0
Adding cell -- xilinx.com:ip:axi_timer:2.0 - axi_timer_0
Adding cell -- xilinx.com:ip:axi_timer:2.0 - axi_timer_1
Adding cell -- xilinx.com:ip:axi_uartlite:2.0 - axi_uartlite_0
Adding cell -- xilinx.com:ip:clk_wiz:6.0 - clk_wiz_0
Adding cell -- xilinx.com:ip:clk_wiz:6.0 - clk_wiz_1
Adding cell -- xilinx.com:user:maroc_slow_control:1.0 - maroc_slow_control_0
Adding cell -- xilinx.com:ip:mdm:3.2 - mdm_1
Adding cell -- xilinx.com:ip:microblaze:11.0 - microblaze_0
WARNING: [xilinx.com:ip:microblaze:11.0-19] /microblaze_0: When using frequency optimization it is highly recommended to enable the branch target cache, in order to improve computational performance.
Adding cell -- xilinx.com:ip:axi_interconnect:2.1 - microblaze_0_axi_periph
Adding cell -- xilinx.com:ip:axi_crossbar:2.1 - xbar
Adding cell -- xilinx.com:ip:proc_sys_reset:5.0 - rst_clk_wiz_1_100M
Adding cell -- xilinx.com:ip:proc_sys_reset:5.0 - rst_clk_wiz_1_100M_1
Adding cell -- user.org:user:wrc_board_quabo_Light:1.2 - wrc_board_quabo_Light_0
CRITICAL WARNING: [BD 41-51] Could not find bus definition for the interface: sfp 
CRITICAL WARNING: [BD 41-49] Could not find abstraction definition for the interface: sfp 
CRITICAL WARNING: [BD 41-49] Could not find abstraction definition for the interface: sfp 
CRITICAL WARNING: [BD 41-51] Could not find bus definition for the interface: uart 
CRITICAL WARNING: [BD 41-49] Could not find abstraction definition for the interface: uart 
CRITICAL WARNING: [BD 41-49] Could not find abstraction definition for the interface: uart 
Adding cell -- xilinx.com:ip:xadc_wiz:3.3 - xadc_wiz_0
Adding cell -- xilinx.com:ip:xlconcat:2.1 - xlconcat_0
Adding cell -- xilinx.com:ip:xlconcat:2.1 - xlconcat_2
Adding cell -- xilinx.com:ip:xlconstant:1.1 - xlconstant_0
Adding cell -- xilinx.com:ip:xlconstant:1.1 - xlconstant_1
Adding cell -- xilinx.com:ip:xlconstant:1.1 - xlconstant_7
Adding cell -- xilinx.com:ip:xlconstant:1.1 - xlconstant_2
Adding cell -- xilinx.com:ip:xlconstant:1.1 - xlconstant_3
Adding cell -- xilinx.com:ip:xlconstant:1.1 - xlconstant_4
Adding cell -- xilinx.com:ip:xlconstant:1.1 - xlconstant_5
Adding cell -- xilinx.com:ip:xlconstant:1.1 - xlconstant_6
Adding cell -- xilinx.com:ip:xlslice:1.0 - Bit_0_0
Adding cell -- xilinx.com:ip:xlslice:1.0 - Bit_1_1
Adding cell -- xilinx.com:ip:xlslice:1.0 - xlslice_3
Adding cell -- xilinx.com:ip:xlslice:1.0 - xlslice_0
Adding cell -- xilinx.com:ip:xlslice:1.0 - xlslice_1
Adding cell -- xilinx.com:ip:xlslice:1.0 - Bit_2_9
Adding cell -- xilinx.com:ip:xlslice:1.0 - Bit_10_13
Adding cell -- xilinx.com:ip:xlslice:1.0 - Bit_16_18
Adding cell -- xilinx.com:ip:xlslice:1.0 - Bit_14_14
Adding cell -- xilinx.com:ip:xlslice:1.0 - Bit_15_15
Adding cell -- user.org:user:AXI_Stream_Switch_3:1.2 - AXI_Stream_Switch_3_0
Adding cell -- xilinx.com:module_ref:StepDrive_ShutterCtrl_Sel:1.0 - StepDrive_ShutterCtr_0
Adding cell -- user.org:user:HighSpeed_IM_v2_9:2.9 - HighSpeed_IM_v1_0_0
Adding cell -- xilinx.com:user:maroc_dc:1.8 - maroc_dc_0
Adding cell -- xilinx.com:ip:xlslice:1.0 - Bit_29_29
Adding cell -- user.org:user:HighSpeed_IM_v2_9:2.9 - HighSpeed_PH_v1_0_0
Adding cell -- user.org:user:AXI_Stream_Switch_3:1.2 - AXI_Stream_Switch_3_1
Adding cell -- xilinx.com:ip:xlconstant:1.1 - xlconstant_8
Adding cell -- xilinx.com:ip:xlconstant:1.1 - xlconstant_9
Adding cell -- xilinx.com:ip:xlconstant:1.1 - xlconstant_10
Adding cell -- xilinx.com:ip:xlconstant:1.1 - xlconstant_11
Adding cell -- user.org:user:PH_BL_FIFO:1.5 - PH_BL_FIFO_0
Adding cell -- xilinx.com:module_ref:IM_FIFO:1.0 - IM_FIFO_0
WARNING: [BD 41-1731] Type mismatch between connected pins: /in_buf_ds_1bit_0/outp(undef) and /maroc_dc_0/frm_clk(clk)
WARNING: [BD 41-1731] Type mismatch between connected pins: /in_buf_ds_adcbitclk/outp(undef) and /maroc_dc_0/bit_clk(clk)
WARNING: [BD 41-1731] Type mismatch between connected pins: /BIT_CLK_P(clk) and /in_buf_ds_adcbitclk/in_p(undef)
WARNING: [BD 41-1731] Type mismatch between connected pins: /BIT_CLK_N(clk) and /in_buf_ds_adcbitclk/in_n(undef)
WARNING: [BD 41-1731] Type mismatch between connected pins: /clk_wiz_0/clk_62m5(clk) and /elapsed_time_gen_0/clk_62m5(undef)
WARNING: [BD 41-1731] Type mismatch between connected pins: /clk_wiz_0/clk_out250_1(clk) and /elapsed_time_gen_0/clk_250_1(undef)
WARNING: [BD 41-1731] Type mismatch between connected pins: /clk_wiz_0/clk_out250_1(clk) and /maroc_dc_0/ET_clk_1(undef)
WARNING: [BD 41-1731] Type mismatch between connected pins: /clk_wiz_0/clk_out250_2(clk) and /elapsed_time_gen_0/clk_250_2(undef)
WARNING: [BD 41-1731] Type mismatch between connected pins: /clk_wiz_0/clk_out250_2(clk) and /maroc_dc_0/ET_clk_2(undef)
WARNING: [BD 41-1731] Type mismatch between connected pins: /clk_wiz_0/clk_out250_3(clk) and /elapsed_time_gen_0/clk_250_3(undef)
WARNING: [BD 41-1731] Type mismatch between connected pins: /clk_wiz_0/clk_out250_3(clk) and /maroc_dc_0/ET_clk_3(undef)
WARNING: [BD 41-1731] Type mismatch between connected pins: /clk_wiz_0/clk_out250_0(clk) and /elapsed_time_gen_0/clk_250(undef)
WARNING: [BD 41-1731] Type mismatch between connected pins: /IBUFDS_FOR_CLK_0/O(undef) and /clk_wiz_0/clk_in1(clk)
WARNING: [BD 41-1731] Type mismatch between connected pins: /IBUFDS_FOR_CLK_0/O(undef) and /clk_wiz_1/clk_in1(clk)
WARNING: [BD 41-1731] Type mismatch between connected pins: /sysclkin_p(clk) and /IBUFDS_FOR_CLK_0/I(undef)
Successfully read diagram <base_mb> from BD file </media/wei/DATA/LW/Project/Vivado_Project/Panoseti/V0200/quabo_master/bd/base_mb/base_mb.bd>
WARNING: [BD 41-1731] Type mismatch between connected pins: /c_counter_binary_0/THRESH0(data) and /c_shift_ram_0/CE(ce)
WARNING: [BD 41-1731] Type mismatch between connected pins: /pcs_pma/gt0_qplloutclk_out(undef) and /gt0_qplloutclk_out(clk)
WARNING: [BD 41-1731] Type mismatch between connected pins: /pcs_pma/gt0_qplloutrefclk_out(undef) and /gt0_qplloutrefclk_out(clk)
WARNING: [BD 41-1731] Type mismatch between connected pins: /c_counter_binary_0/THRESH0(data) and /c_shift_ram_0/CE(ce)
WARNING: [BD 41-1731] Type mismatch between connected pins: /gt0_qplloutclk_in(clk) and /pcs_pma/gt0_qplloutclk_in(undef)
WARNING: [BD 41-1731] Type mismatch between connected pins: /gt0_qplloutrefclk_in(clk) and /pcs_pma/gt0_qplloutrefclk_in(undef)
Upgrading '/media/wei/DATA/LW/Project/Vivado_Project/Panoseti/V0200/quabo_master/bd/base_mb/base_mb.bd'
INFO: [IP_Flow 19-1972] Upgraded base_mb_IM_FIFO_0_0 from IM_FIFO_v1_0 1.0 to IM_FIFO_v1_0 1.0
Wrote  : </media/wei/DATA/LW/Project/Vivado_Project/Panoseti/V0200/quabo_master/bd/base_mb/base_mb.bd> 
open_bd_design {/media/wei/DATA/LW/Project/Vivado_Project/Panoseti/V0200/quabo_master/bd/base_mb/base_mb.bd}
generate_target all [get_files  /media/wei/DATA/LW/Project/Vivado_Project/Panoseti/V0200/quabo_master/bd/base_mb/base_mb.bd]
CRITICAL WARNING: [BD 41-967] AXI interface pin /PH_BL_FIFO_0/axi_str_rxd is not associated to any clock pin. It may not work correctly.
WARNING: [BD 41-1284] Cannot set parameter SUGGESTED_PRIORITY on port /axi_intc_0/intr
WARNING: [BD 41-1284] Cannot set parameter SUGGESTED_PRIORITY on port /axi_intc_0/intr
WARNING: [BD 41-1284] Cannot set parameter SUGGESTED_PRIORITY on port /axi_intc_0/intr
WARNING: [BD 41-1284] Cannot set parameter SUGGESTED_PRIORITY on port /axi_intc_0/intr
WARNING: [BD 41-1284] Cannot set parameter SUGGESTED_PRIORITY on port /axi_intc_0/intr
WARNING: [BD 41-1284] Cannot set parameter SUGGESTED_PRIORITY on port /axi_intc_0/intr
INFO: [xilinx.com:ip:c_shift_ram:12.0-913] /c_shift_ram_0 Width has been set to manual on the GUI. It will not be updated during validation with a propagated value.
INFO: [xilinx.com:ip:c_shift_ram:12.0-913] /c_shift_ram_0 Width has been set to manual on the GUI. It will not be updated during validation with a propagated value.
INFO: [xilinx.com:ip:c_shift_ram:12.0-913] /c_shift_ram_0 Width has been set to manual on the GUI. It will not be updated during validation with a propagated value.
INFO: [xilinx.com:ip:c_shift_ram:12.0-913] /c_shift_ram_0 Width has been set to manual on the GUI. It will not be updated during validation with a propagated value.
INFO: [xilinx.com:ip:c_shift_ram:12.0-913] /c_shift_ram_0 Width has been set to manual on the GUI. It will not be updated during validation with a propagated value.
CRITICAL WARNING: [BD 41-1344] Reset pin /microblaze_0_local_memory/dlmb_bram_if_cntlr/LMB_Rst (associated clock /microblaze_0_local_memory/dlmb_bram_if_cntlr/LMB_Clk) is connected to reset source /rst_clk_wiz_1_100M/bus_struct_reset (synchronous to clock source /clk_wiz_1/clk_10).
This may prevent design from meeting timing. Instead it should be connected to reset source /rst_clk_wiz_1_100M_1/bus_struct_reset.
CRITICAL WARNING: [BD 41-1344] Reset pin /microblaze_0_local_memory/dlmb_v10/SYS_Rst (associated clock /microblaze_0_local_memory/dlmb_v10/LMB_Clk) is connected to reset source /rst_clk_wiz_1_100M/bus_struct_reset (synchronous to clock source /clk_wiz_1/clk_10).
This may prevent design from meeting timing. Instead it should be connected to reset source /rst_clk_wiz_1_100M_1/bus_struct_reset.
CRITICAL WARNING: [BD 41-1344] Reset pin /microblaze_0_local_memory/ilmb_bram_if_cntlr/LMB_Rst (associated clock /microblaze_0_local_memory/ilmb_bram_if_cntlr/LMB_Clk) is connected to reset source /rst_clk_wiz_1_100M/bus_struct_reset (synchronous to clock source /clk_wiz_1/clk_10).
This may prevent design from meeting timing. Instead it should be connected to reset source /rst_clk_wiz_1_100M_1/bus_struct_reset.
CRITICAL WARNING: [BD 41-1344] Reset pin /microblaze_0_local_memory/ilmb_v10/SYS_Rst (associated clock /microblaze_0_local_memory/ilmb_v10/LMB_Clk) is connected to reset source /rst_clk_wiz_1_100M/bus_struct_reset (synchronous to clock source /clk_wiz_1/clk_10).
This may prevent design from meeting timing. Instead it should be connected to reset source /rst_clk_wiz_1_100M_1/bus_struct_reset.
CRITICAL WARNING: [BD 41-1344] Reset pin /PPS_IO_0/rst (associated clock /PPS_IO_0/clk) is connected to reset source /rst_clk_wiz_1_100M/peripheral_aresetn (synchronous to clock source /clk_wiz_1/clk_10).
This may prevent design from meeting timing. Instead it should be connected to reset source /rst_clk_wiz_1_100M_1/peripheral_aresetn.
CRITICAL WARNING: [BD 41-1344] Reset pin /FIFO_for_AXIS_0/rst (associated clock /FIFO_for_AXIS_0/clk) is connected to reset source /rst_clk_wiz_1_100M/peripheral_aresetn (synchronous to clock source /clk_wiz_1/clk_10).
This may prevent design from meeting timing. Instead it should be connected to reset source /rst_clk_wiz_1_100M_1/peripheral_aresetn.
CRITICAL WARNING: [BD 41-1344] Reset pin /axi_ethernet_0/s_axi_lite_resetn (associated clock /axi_ethernet_0/s_axi_lite_clk) is connected to reset source /rst_clk_wiz_1_100M/peripheral_aresetn (synchronous to clock source /clk_wiz_1/clk_10).
This may prevent design from meeting timing. Instead it should be connected to reset source /rst_clk_wiz_1_100M_1/peripheral_aresetn.
CRITICAL WARNING: [BD 41-1344] Reset pin /axi_ethernet_0_fifo/s_axi_aresetn (associated clock /axi_ethernet_0_fifo/s_axi_aclk) is connected to reset source /rst_clk_wiz_1_100M/peripheral_aresetn (synchronous to clock source /clk_wiz_1/clk_10).
This may prevent design from meeting timing. Instead it should be connected to reset source /rst_clk_wiz_1_100M_1/peripheral_aresetn.
CRITICAL WARNING: [BD 41-1344] Reset pin /axi_ethernet_1/s_axi_lite_resetn (associated clock /axi_ethernet_1/s_axi_lite_clk) is connected to reset source /rst_clk_wiz_1_100M/peripheral_aresetn (synchronous to clock source /clk_wiz_1/clk_10).
This may prevent design from meeting timing. Instead it should be connected to reset source /rst_clk_wiz_1_100M_1/peripheral_aresetn.
CRITICAL WARNING: [BD 41-1344] Reset pin /axi_spi_sel/s_axi_aresetn (associated clock /axi_spi_sel/s_axi_aclk) is connected to reset source /rst_clk_wiz_1_100M/peripheral_aresetn (synchronous to clock source /clk_wiz_1/clk_10).
This may prevent design from meeting timing. Instead it should be connected to reset source /rst_clk_wiz_1_100M_1/peripheral_aresetn.
CRITICAL WARNING: [BD 41-1344] Reset pin /axi_hwicap_0/s_axi_aresetn (associated clock /axi_hwicap_0/s_axi_aclk) is connected to reset source /rst_clk_wiz_1_100M/peripheral_aresetn (synchronous to clock source /clk_wiz_1/clk_10).
This may prevent design from meeting timing. Instead it should be connected to reset source /rst_clk_wiz_1_100M_1/peripheral_aresetn.
CRITICAL WARNING: [BD 41-1344] Reset pin /axi_iic_0/s_axi_aresetn (associated clock /axi_iic_0/s_axi_aclk) is connected to reset source /rst_clk_wiz_1_100M/peripheral_aresetn (synchronous to clock source /clk_wiz_1/clk_10).
This may prevent design from meeting timing. Instead it should be connected to reset source /rst_clk_wiz_1_100M_1/peripheral_aresetn.
CRITICAL WARNING: [BD 41-1344] Reset pin /axi_intc_0/s_axi_aresetn (associated clock /axi_intc_0/s_axi_aclk) is connected to reset source /rst_clk_wiz_1_100M/peripheral_aresetn (synchronous to clock source /clk_wiz_1/clk_10).
This may prevent design from meeting timing. Instead it should be connected to reset source /rst_clk_wiz_1_100M_1/peripheral_aresetn.
CRITICAL WARNING: [BD 41-1344] Reset pin /axi_interconnect_0/ARESETN (associated clock /axi_interconnect_0/ACLK) is connected to reset source /rst_clk_wiz_1_100M/peripheral_aresetn (synchronous to clock source /clk_wiz_1/clk_10).
This may prevent design from meeting timing. Instead it should be connected to reset source /rst_clk_wiz_1_100M_1/interconnect_aresetn.
CRITICAL WARNING: [BD 41-1344] Reset pin /axi_interconnect_0/S00_ARESETN (associated clock /axi_interconnect_0/S00_ACLK) is connected to reset source /rst_clk_wiz_1_100M/peripheral_aresetn (synchronous to clock source /clk_wiz_1/clk_10).
This may prevent design from meeting timing. Instead it should be connected to reset source /rst_clk_wiz_1_100M_1/peripheral_aresetn.
CRITICAL WARNING: [BD 41-1344] Reset pin /axi_interconnect_0/M00_ARESETN (associated clock /axi_interconnect_0/M00_ACLK) is connected to reset source /rst_clk_wiz_1_100M/peripheral_aresetn (synchronous to clock source /clk_wiz_1/clk_10).
This may prevent design from meeting timing. Instead it should be connected to reset source /rst_clk_wiz_1_100M_1/peripheral_aresetn.
CRITICAL WARNING: [BD 41-1344] Reset pin /axi_interconnect_0/M01_ARESETN (associated clock /axi_interconnect_0/M01_ACLK) is connected to reset source /rst_clk_wiz_1_100M/peripheral_aresetn (synchronous to clock source /clk_wiz_1/clk_10).
This may prevent design from meeting timing. Instead it should be connected to reset source /rst_clk_wiz_1_100M_1/peripheral_aresetn.
CRITICAL WARNING: [BD 41-1344] Reset pin /axi_interconnect_0/M02_ARESETN (associated clock /axi_interconnect_0/M02_ACLK) is connected to reset source /rst_clk_wiz_1_100M/peripheral_aresetn (synchronous to clock source /clk_wiz_1/clk_10).
This may prevent design from meeting timing. Instead it should be connected to reset source /rst_clk_wiz_1_100M_1/peripheral_aresetn.
CRITICAL WARNING: [BD 41-1344] Reset pin /axi_interconnect_0/M03_ARESETN (associated clock /axi_interconnect_0/M03_ACLK) is connected to reset source /rst_clk_wiz_1_100M/peripheral_aresetn (synchronous to clock source /clk_wiz_1/clk_10).
This may prevent design from meeting timing. Instead it should be connected to reset source /rst_clk_wiz_1_100M_1/peripheral_aresetn.
CRITICAL WARNING: [BD 41-1344] Reset pin /axi_interconnect_0/M04_ARESETN (associated clock /axi_interconnect_0/M04_ACLK) is connected to reset source /rst_clk_wiz_1_100M/peripheral_aresetn (synchronous to clock source /clk_wiz_1/clk_10).
This may prevent design from meeting timing. Instead it should be connected to reset source /rst_clk_wiz_1_100M_1/peripheral_aresetn.
CRITICAL WARNING: [BD 41-1344] Reset pin /axi_interconnect_0/M05_ARESETN (associated clock /axi_interconnect_0/M05_ACLK) is connected to reset source /rst_clk_wiz_1_100M/peripheral_aresetn (synchronous to clock source /clk_wiz_1/clk_10).
This may prevent design from meeting timing. Instead it should be connected to reset source /rst_clk_wiz_1_100M_1/peripheral_aresetn.
CRITICAL WARNING: [BD 41-1344] Reset pin /axi_interconnect_0/M06_ARESETN (associated clock /axi_interconnect_0/M06_ACLK) is connected to reset source /rst_clk_wiz_1_100M/peripheral_aresetn (synchronous to clock source /clk_wiz_1/clk_10).
This may prevent design from meeting timing. Instead it should be connected to reset source /rst_clk_wiz_1_100M_1/peripheral_aresetn.
CRITICAL WARNING: [BD 41-1344] Reset pin /axi_quad_spi_0/s_axi_aresetn (associated clock /axi_quad_spi_0/s_axi_aclk) is connected to reset source /rst_clk_wiz_1_100M/peripheral_aresetn (synchronous to clock source /clk_wiz_1/clk_10).
This may prevent design from meeting timing. Instead it should be connected to reset source /rst_clk_wiz_1_100M_1/peripheral_aresetn.
CRITICAL WARNING: [BD 41-1344] Reset pin /axi_quad_spi_1/s_axi_aresetn (associated clock /axi_quad_spi_1/s_axi_aclk) is connected to reset source /rst_clk_wiz_1_100M/peripheral_aresetn (synchronous to clock source /clk_wiz_1/clk_10).
This may prevent design from meeting timing. Instead it should be connected to reset source /rst_clk_wiz_1_100M_1/peripheral_aresetn.
CRITICAL WARNING: [BD 41-1344] Reset pin /axi_timer_0/s_axi_aresetn (associated clock /axi_timer_0/s_axi_aclk) is connected to reset source /rst_clk_wiz_1_100M/peripheral_aresetn (synchronous to clock source /clk_wiz_1/clk_10).
This may prevent design from meeting timing. Instead it should be connected to reset source /rst_clk_wiz_1_100M_1/peripheral_aresetn.
CRITICAL WARNING: [BD 41-1344] Reset pin /axi_timer_1/s_axi_aresetn (associated clock /axi_timer_1/s_axi_aclk) is connected to reset source /rst_clk_wiz_1_100M/peripheral_aresetn (synchronous to clock source /clk_wiz_1/clk_10).
This may prevent design from meeting timing. Instead it should be connected to reset source /rst_clk_wiz_1_100M_1/peripheral_aresetn.
CRITICAL WARNING: [BD 41-1344] Reset pin /axi_uartlite_0/s_axi_aresetn (associated clock /axi_uartlite_0/s_axi_aclk) is connected to reset source /rst_clk_wiz_1_100M/peripheral_aresetn (synchronous to clock source /clk_wiz_1/clk_10).
This may prevent design from meeting timing. Instead it should be connected to reset source /rst_clk_wiz_1_100M_1/peripheral_aresetn.
CRITICAL WARNING: [BD 41-1344] Reset pin /maroc_slow_control_0/s00_axi_aresetn (associated clock /maroc_slow_control_0/s00_axi_aclk) is connected to reset source /rst_clk_wiz_1_100M/peripheral_aresetn (synchronous to clock source /clk_wiz_1/clk_10).
This may prevent design from meeting timing. Instead it should be connected to reset source /rst_clk_wiz_1_100M_1/peripheral_aresetn.
CRITICAL WARNING: [BD 41-1344] Reset pin /microblaze_0/Reset (associated clock /microblaze_0/Clk) is connected to reset source /rst_clk_wiz_1_100M/mb_reset (synchronous to clock source /clk_wiz_1/clk_10).
This may prevent design from meeting timing. Instead it should be connected to reset source /rst_clk_wiz_1_100M_1/mb_reset.
CRITICAL WARNING: [BD 41-1344] Reset pin /microblaze_0_axi_periph/ARESETN (associated clock /microblaze_0_axi_periph/ACLK) is connected to reset source /rst_clk_wiz_1_100M/interconnect_aresetn (synchronous to clock source /clk_wiz_1/clk_10).
This may prevent design from meeting timing. Instead it should be connected to reset source /rst_clk_wiz_1_100M_1/interconnect_aresetn.
CRITICAL WARNING: [BD 41-1344] Reset pin /microblaze_0_axi_periph/S00_ARESETN (associated clock /microblaze_0_axi_periph/S00_ACLK) is connected to reset source /rst_clk_wiz_1_100M/peripheral_aresetn (synchronous to clock source /clk_wiz_1/clk_10).
This may prevent design from meeting timing. Instead it should be connected to reset source /rst_clk_wiz_1_100M_1/peripheral_aresetn.
CRITICAL WARNING: [BD 41-1344] Reset pin /microblaze_0_axi_periph/S01_ARESETN (associated clock /microblaze_0_axi_periph/S01_ACLK) is connected to reset source /rst_clk_wiz_1_100M/peripheral_aresetn (synchronous to clock source /clk_wiz_1/clk_10).
This may prevent design from meeting timing. Instead it should be connected to reset source /rst_clk_wiz_1_100M_1/peripheral_aresetn.
CRITICAL WARNING: [BD 41-1344] Reset pin /microblaze_0_axi_periph/M00_ARESETN (associated clock /microblaze_0_axi_periph/M00_ACLK) is connected to reset source /rst_clk_wiz_1_100M/peripheral_aresetn (synchronous to clock source /clk_wiz_1/clk_10).
This may prevent design from meeting timing. Instead it should be connected to reset source /rst_clk_wiz_1_100M_1/peripheral_aresetn.
CRITICAL WARNING: [BD 41-1344] Reset pin /microblaze_0_axi_periph/M01_ARESETN (associated clock /microblaze_0_axi_periph/M01_ACLK) is connected to reset source /rst_clk_wiz_1_100M/peripheral_aresetn (synchronous to clock source /clk_wiz_1/clk_10).
This may prevent design from meeting timing. Instead it should be connected to reset source /rst_clk_wiz_1_100M_1/peripheral_aresetn.
CRITICAL WARNING: [BD 41-1344] Reset pin /microblaze_0_axi_periph/M02_ARESETN (associated clock /microblaze_0_axi_periph/M02_ACLK) is connected to reset source /rst_clk_wiz_1_100M/peripheral_aresetn (synchronous to clock source /clk_wiz_1/clk_10).
This may prevent design from meeting timing. Instead it should be connected to reset source /rst_clk_wiz_1_100M_1/peripheral_aresetn.
CRITICAL WARNING: [BD 41-1344] Reset pin /microblaze_0_axi_periph/M03_ARESETN (associated clock /microblaze_0_axi_periph/M03_ACLK) is connected to reset source /rst_clk_wiz_1_100M/peripheral_aresetn (synchronous to clock source /clk_wiz_1/clk_10).
This may prevent design from meeting timing. Instead it should be connected to reset source /rst_clk_wiz_1_100M_1/peripheral_aresetn.
CRITICAL WARNING: [BD 41-1344] Reset pin /microblaze_0_axi_periph/M04_ARESETN (associated clock /microblaze_0_axi_periph/M04_ACLK) is connected to reset source /rst_clk_wiz_1_100M/peripheral_aresetn (synchronous to clock source /clk_wiz_1/clk_10).
This may prevent design from meeting timing. Instead it should be connected to reset source /rst_clk_wiz_1_100M_1/peripheral_aresetn.
CRITICAL WARNING: [BD 41-1344] Reset pin /microblaze_0_axi_periph/M05_ARESETN (associated clock /microblaze_0_axi_periph/M05_ACLK) is connected to reset source /rst_clk_wiz_1_100M/peripheral_aresetn (synchronous to clock source /clk_wiz_1/clk_10).
This may prevent design from meeting timing. Instead it should be connected to reset source /rst_clk_wiz_1_100M_1/peripheral_aresetn.
CRITICAL WARNING: [BD 41-1344] Reset pin /microblaze_0_axi_periph/M06_ARESETN (associated clock /microblaze_0_axi_periph/M06_ACLK) is connected to reset source /rst_clk_wiz_1_100M/peripheral_aresetn (synchronous to clock source /clk_wiz_1/clk_10).
This may prevent design from meeting timing. Instead it should be connected to reset source /rst_clk_wiz_1_100M_1/peripheral_aresetn.
CRITICAL WARNING: [BD 41-1344] Reset pin /microblaze_0_axi_periph/M07_ARESETN (associated clock /microblaze_0_axi_periph/M07_ACLK) is connected to reset source /rst_clk_wiz_1_100M/peripheral_aresetn (synchronous to clock source /clk_wiz_1/clk_10).
This may prevent design from meeting timing. Instead it should be connected to reset source /rst_clk_wiz_1_100M_1/peripheral_aresetn.
CRITICAL WARNING: [BD 41-1344] Reset pin /microblaze_0_axi_periph/M08_ARESETN (associated clock /microblaze_0_axi_periph/M08_ACLK) is connected to reset source /rst_clk_wiz_1_100M/peripheral_aresetn (synchronous to clock source /clk_wiz_1/clk_10).
This may prevent design from meeting timing. Instead it should be connected to reset source /rst_clk_wiz_1_100M_1/peripheral_aresetn.
CRITICAL WARNING: [BD 41-1344] Reset pin /AXI_Stream_Switch_3_0/aresetn (associated clock /AXI_Stream_Switch_3_0/aclk) is connected to reset source /rst_clk_wiz_1_100M/peripheral_aresetn (synchronous to clock source /clk_wiz_1/clk_10).
This may prevent design from meeting timing. Instead it should be connected to reset source /rst_clk_wiz_1_100M_1/peripheral_aresetn.
CRITICAL WARNING: [BD 41-1344] Reset pin /maroc_dc_0/s00_axi_aresetn (associated clock /maroc_dc_0/s00_axi_aclk) is connected to reset source /rst_clk_wiz_1_100M/peripheral_aresetn (synchronous to clock source /clk_wiz_1/clk_10).
This may prevent design from meeting timing. Instead it should be connected to reset source /rst_clk_wiz_1_100M_1/peripheral_aresetn.
CRITICAL WARNING: [BD 41-1344] Reset pin /maroc_dc_0/m00_axis_aresetn (associated clock /maroc_dc_0/m00_axis_aclk) is connected to reset source /rst_clk_wiz_1_100M/peripheral_aresetn (synchronous to clock source /clk_wiz_1/clk_10).
This may prevent design from meeting timing. Instead it should be connected to reset source /rst_clk_wiz_1_100M_1/peripheral_aresetn.
CRITICAL WARNING: [BD 41-1344] Reset pin /maroc_dc_0/m01_axis_aresetn (associated clock /maroc_dc_0/m01_axis_aclk) is connected to reset source /rst_clk_wiz_1_100M/peripheral_aresetn (synchronous to clock source /clk_wiz_1/clk_10).
This may prevent design from meeting timing. Instead it should be connected to reset source /rst_clk_wiz_1_100M_1/peripheral_aresetn.
CRITICAL WARNING: [BD 41-1344] Reset pin /AXI_Stream_Switch_3_1/aresetn (associated clock /AXI_Stream_Switch_3_1/aclk) is connected to reset source /rst_clk_wiz_1_100M/peripheral_aresetn (synchronous to clock source /clk_wiz_1/clk_10).
This may prevent design from meeting timing. Instead it should be connected to reset source /rst_clk_wiz_1_100M_1/peripheral_aresetn.
INFO: [xilinx.com:ip:axi_quad_spi:3.2-1] /axi_quad_spi_1 
                   #######################################################################################
                   INFO: AXI Quad SPI core's AXI Lite Clock and EXT SPI CLK are synchronous to each other.
                   ########################################################################################
INFO: [xilinx.com:ip:axi_quad_spi:3.2-1] /axi_quad_spi_0 
                  ##############################################################################
                  INFO: AXI Quad SPI core's AXI Lite Clock and EXT SPI CLK are are asynchronous.
                  ##############################################################################
WARNING: [xilinx.com:ip:axi_intc:4.1-6] /axi_intc_0: Property SENSITIVITY = "NULL" for interrupt input 5 not recognized - using default interrupt type Rising Edge. Please change this manually if necessary.
INFO: [xilinx.com:ip:axi_hwicap:3.0-1] /axi_hwicap_0 
                    ##########################################################################################
                    Clocks connected to AXI HWICAP are same. Configuring AXI HWICAP in SYNC mode ..........
                    ##########################################################################################
WARNING: [BD 41-927] Following properties on pin /stim_gen_0/clk have been updated from connected ip. They may not be synchronized with cell properties. You can set property on pin directly to confirm the value and resolve the warning.
	CLK_DOMAIN=base_mb_clk_wiz_1_0_clk_100 
WARNING: [BD 41-927] Following properties on pin /SPI_STARTUP_0/clk have been updated from connected ip. They may not be synchronized with cell properties. You can set property on pin directly to confirm the value and resolve the warning.
	CLK_DOMAIN=base_mb_clk_wiz_1_0_clk_100 
WARNING: [BD 41-927] Following properties on pin /PPS_IO_0/clk have been updated from connected ip. They may not be synchronized with cell properties. You can set property on pin directly to confirm the value and resolve the warning.
	CLK_DOMAIN=base_mb_clk_wiz_1_0_clk_100 
WARNING: [BD 41-927] Following properties on pin /flash_control_0/hs_clk have been updated from connected ip. They may not be synchronized with cell properties. You can set property on pin directly to confirm the value and resolve the warning.
	CLK_DOMAIN=base_mb_clk_wiz_0_0_clk_250 
WARNING: [BD 41-927] Following properties on pin /flash_control_0/clk have been updated from connected ip. They may not be synchronized with cell properties. You can set property on pin directly to confirm the value and resolve the warning.
	CLK_DOMAIN=base_mb_clk_wiz_1_0_clk_100 
WARNING: [BD 41-927] Following properties on pin /delay_0/clk have been updated from connected ip. They may not be synchronized with cell properties. You can set property on pin directly to confirm the value and resolve the warning.
	CLK_DOMAIN=base_mb_clk_wiz_0_0_clk_62m5 
WARNING: [BD 41-927] Following properties on pin /SPI_access_0/clk have been updated from connected ip. They may not be synchronized with cell properties. You can set property on pin directly to confirm the value and resolve the warning.
	CLK_DOMAIN=base_mb_clk_wiz_1_0_clk_100 
WARNING: [BD 41-927] Following properties on pin /delay_1/clk have been updated from connected ip. They may not be synchronized with cell properties. You can set property on pin directly to confirm the value and resolve the warning.
	CLK_DOMAIN=base_mb_clk_wiz_0_0_clk_62m5 
WARNING: [BD 41-927] Following properties on pin /step_drive_0/clk have been updated from connected ip. They may not be synchronized with cell properties. You can set property on pin directly to confirm the value and resolve the warning.
	CLK_DOMAIN=base_mb_clk_wiz_1_0_clk_100 
WARNING: [BD 41-927] Following properties on pin /ETH_CORE_CTRL_0/clk have been updated from connected ip. They may not be synchronized with cell properties. You can set property on pin directly to confirm the value and resolve the warning.
	CLK_DOMAIN=base_mb_clk_wiz_1_0_clk_100 
WARNING: [BD 41-927] Following properties on pin /ETH_CORE_CTRL_1/clk have been updated from connected ip. They may not be synchronized with cell properties. You can set property on pin directly to confirm the value and resolve the warning.
	CLK_DOMAIN=base_mb_clk_wiz_1_0_clk_100 
WARNING: [BD 41-927] Following properties on pin /FIFO_for_AXIS_0/clk have been updated from connected ip. They may not be synchronized with cell properties. You can set property on pin directly to confirm the value and resolve the warning.
	CLK_DOMAIN=base_mb_clk_wiz_1_0_clk_100 
WARNING: [BD 41-927] Following properties on pin /xadc_wiz_0/s_axi_aclk have been updated from connected ip. They may not be synchronized with cell properties. You can set property on pin directly to confirm the value and resolve the warning.
	CLK_DOMAIN=base_mb_clk_wiz_1_0_clk_100 
WARNING: [BD 41-927] Following properties on pin /StepDrive_ShutterCtr_0/clk have been updated from connected ip. They may not be synchronized with cell properties. You can set property on pin directly to confirm the value and resolve the warning.
	CLK_DOMAIN=base_mb_clk_wiz_1_0_clk_100 
WARNING: [BD 41-927] Following properties on pin /IM_FIFO_0/clk have been updated from connected ip. They may not be synchronized with cell properties. You can set property on pin directly to confirm the value and resolve the warning.
	CLK_DOMAIN=base_mb_clk_wiz_1_0_clk_100 
CRITICAL WARNING: [BD 41-49] Could not find abstraction definition for the interface: sfp 
CRITICAL WARNING: [BD 41-49] Could not find abstraction definition for the interface: sfp 
CRITICAL WARNING: [BD 41-49] Could not find abstraction definition for the interface: sfp 
CRITICAL WARNING: [BD 41-49] Could not find abstraction definition for the interface: sfp 
CRITICAL WARNING: [BD 41-49] Could not find abstraction definition for the interface: sfp 
CRITICAL WARNING: [BD 41-49] Could not find abstraction definition for the interface: uart 
CRITICAL WARNING: [BD 41-49] Could not find abstraction definition for the interface: uart 
CRITICAL WARNING: [BD 41-49] Could not find abstraction definition for the interface: sfp 
CRITICAL WARNING: [BD 41-49] Could not find abstraction definition for the interface: sfp 
CRITICAL WARNING: [BD 41-49] Could not find abstraction definition for the interface: sfp 
CRITICAL WARNING: [BD 41-49] Could not find abstraction definition for the interface: sfp 
CRITICAL WARNING: [BD 41-49] Could not find abstraction definition for the interface: sfp 
CRITICAL WARNING: [BD 41-49] Could not find abstraction definition for the interface: sfp 
CRITICAL WARNING: [BD 41-49] Could not find abstraction definition for the interface: sfp 
CRITICAL WARNING: [BD 41-49] Could not find abstraction definition for the interface: sfp 
CRITICAL WARNING: [BD 41-49] Could not find abstraction definition for the interface: sfp 
CRITICAL WARNING: [BD 41-49] Could not find abstraction definition for the interface: sfp 
CRITICAL WARNING: [BD 41-49] Could not find abstraction definition for the interface: sfp 
CRITICAL WARNING: [BD 41-49] Could not find abstraction definition for the interface: uart 
CRITICAL WARNING: [BD 41-49] Could not find abstraction definition for the interface: uart 
Wrote  : </media/wei/DATA/LW/Project/Vivado_Project/Panoseti/V0200/quabo_master/bd/base_mb/base_mb.bd> 
VHDL Output written to : /media/wei/DATA/LW/Project/Vivado_Project/Panoseti/V0200/quabo_master/bd/base_mb/synth/base_mb.v
VHDL Output written to : /media/wei/DATA/LW/Project/Vivado_Project/Panoseti/V0200/quabo_master/bd/base_mb/sim/base_mb.v
VHDL Output written to : /media/wei/DATA/LW/Project/Vivado_Project/Panoseti/V0200/quabo_master/bd/base_mb/hdl/base_mb_wrapper.v
INFO: [BD 41-1029] Generation completed for the IP Integrator block microblaze_0 .
INFO: [BD 41-1029] Generation completed for the IP Integrator block mdm_1 .
INFO: [BD 41-1029] Generation completed for the IP Integrator block clk_wiz_1 .
INFO: [BD 41-1029] Generation completed for the IP Integrator block rst_clk_wiz_1_100M .
INFO: [BD 41-1029] Generation completed for the IP Integrator block axi_uartlite_0 .
INFO: [BD 41-1029] Generation completed for the IP Integrator block microblaze_0_local_memory/dlmb_v10 .
INFO: [BD 41-1029] Generation completed for the IP Integrator block microblaze_0_local_memory/ilmb_v10 .
INFO: [BD 41-1029] Generation completed for the IP Integrator block microblaze_0_local_memory/dlmb_bram_if_cntlr .
INFO: [BD 41-1029] Generation completed for the IP Integrator block microblaze_0_local_memory/ilmb_bram_if_cntlr .
INFO: [BD 41-1029] Generation completed for the IP Integrator block microblaze_0_local_memory/lmb_bram .
Exporting to file /media/wei/DATA/LW/Project/Vivado_Project/Panoseti/V0200/quabo_master/bd/base_mb/ip/base_mb_axi_ethernet_0_0/bd_0/hw_handoff/base_mb_axi_ethernet_0_0.hwh
Generated Block Design Tcl file /media/wei/DATA/LW/Project/Vivado_Project/Panoseti/V0200/quabo_master/bd/base_mb/ip/base_mb_axi_ethernet_0_0/bd_0/hw_handoff/base_mb_axi_ethernet_0_0_bd.tcl
Generated Hardware Definition File /media/wei/DATA/LW/Project/Vivado_Project/Panoseti/V0200/quabo_master/bd/base_mb/ip/base_mb_axi_ethernet_0_0/bd_0/synth/base_mb_axi_ethernet_0_0.hwdef
INFO: [BD 41-1029] Generation completed for the IP Integrator block axi_ethernet_0 .
INFO: [BD 41-1029] Generation completed for the IP Integrator block axi_ethernet_0_fifo .
INFO: [BD 41-1029] Generation completed for the IP Integrator block axi_intc_0 .
INFO: [BD 41-1029] Generation completed for the IP Integrator block axi_timer_0 .
INFO: [BD 41-1029] Generation completed for the IP Integrator block xlconstant_0 .
INFO: [BD 41-1029] Generation completed for the IP Integrator block axi_iic_0 .
INFO: [BD 41-1029] Generation completed for the IP Integrator block xlconstant_1 .
INFO: [BD 41-1029] Generation completed for the IP Integrator block xlconcat_0 .
INFO: [BD 41-1029] Generation completed for the IP Integrator block axi_quad_spi_0 .
INFO: [BD 41-1029] Generation completed for the IP Integrator block maroc_slow_control_0 .
INFO: [BD 41-1029] Generation completed for the IP Integrator block maroc_dc_0 .
INFO: [BD 41-1029] Generation completed for the IP Integrator block xlconstant_2 .
INFO: [BD 41-1029] Generation completed for the IP Integrator block GPIO .
INFO: [BD 41-1029] Generation completed for the IP Integrator block Bit_0_0 .
INFO: [BD 41-1029] Generation completed for the IP Integrator block rst_clk_wiz_1_100M_1 .
INFO: [BD 41-1029] Generation completed for the IP Integrator block xadc_wiz_0 .
INFO: [BD 41-1029] Generation completed for the IP Integrator block stim_gen_0 .
INFO: [BD 41-1029] Generation completed for the IP Integrator block Bit_1_1 .
INFO: [BD 41-1029] Generation completed for the IP Integrator block Bit_2_9 .
INFO: [BD 41-1029] Generation completed for the IP Integrator block xlslice_3 .
INFO: [BD 41-1029] Generation completed for the IP Integrator block xlconstant_3 .
INFO: [BD 41-1029] Generation completed for the IP Integrator block in_buf_ds_4bit_0 .
INFO: [BD 41-1029] Generation completed for the IP Integrator block in_buf_ds_1bit_0 .
INFO: [BD 41-1029] Generation completed for the IP Integrator block clk_wiz_0 .
INFO: [BD 41-1029] Generation completed for the IP Integrator block elapsed_time_gen_0 .
INFO: [BD 41-1029] Generation completed for the IP Integrator block in_buf_ds_adcbitclk .
INFO: [BD 41-1029] Generation completed for the IP Integrator block axi_timebase_wdt_0 .
INFO: [BD 41-1029] Generation completed for the IP Integrator block Bit_10_13 .
INFO: [BD 41-1029] Generation completed for the IP Integrator block Bit_14_14 .
INFO: [BD 41-1029] Generation completed for the IP Integrator block SPI_MUX_1 .
INFO: [BD 41-1029] Generation completed for the IP Integrator block SPI_access_0 .
INFO: [BD 41-1029] Generation completed for the IP Integrator block Bit_15_15 .
INFO: [BD 41-1029] Generation completed for the IP Integrator block xlconstant_4 .
INFO: [BD 41-1029] Generation completed for the IP Integrator block xlconstant_5 .
INFO: [BD 41-1029] Generation completed for the IP Integrator block xlconstant_6 .
INFO: [BD 41-1029] Generation completed for the IP Integrator block flash_control_0 .
INFO: [BD 41-1029] Generation completed for the IP Integrator block Bit_16_18 .
INFO: [BD 41-1029] Generation completed for the IP Integrator block Bit_19_23 .
INFO: [BD 41-1029] Generation completed for the IP Integrator block Bit_24_27 .
INFO: [BD 41-1029] Generation completed for the IP Integrator block axi_gpio_mech .
INFO: [BD 41-1029] Generation completed for the IP Integrator block Bit_3_0 .
INFO: [BD 41-1029] Generation completed for the IP Integrator block xlconcat_2 .
INFO: [BD 41-1029] Generation completed for the IP Integrator block Bit_21_21 .
INFO: [BD 41-1029] Generation completed for the IP Integrator block Bit_23_23 .
INFO: [BD 41-1029] Generation completed for the IP Integrator block Bit_28_28 .
INFO: [BD 41-1029] Generation completed for the IP Integrator block axi_quad_spi_1 .
INFO: [BD 41-1029] Generation completed for the IP Integrator block SPI_STARTUP_0 .
INFO: [BD 41-1029] Generation completed for the IP Integrator block axi_hwicap_0 .
INFO: [BD 41-1029] Generation completed for the IP Integrator block axi_spi_sel .
INFO: [BD 41-1029] Generation completed for the IP Integrator block axi_timer_1 .
INFO: [BD 41-1029] Generation completed for the IP Integrator block xlconstant_7 .
Exporting to file /media/wei/DATA/LW/Project/Vivado_Project/Panoseti/V0200/quabo_master/bd/base_mb/ip/base_mb_axi_ethernet_1_0/bd_0/hw_handoff/base_mb_axi_ethernet_1_0.hwh
Generated Block Design Tcl file /media/wei/DATA/LW/Project/Vivado_Project/Panoseti/V0200/quabo_master/bd/base_mb/ip/base_mb_axi_ethernet_1_0/bd_0/hw_handoff/base_mb_axi_ethernet_1_0_bd.tcl
Generated Hardware Definition File /media/wei/DATA/LW/Project/Vivado_Project/Panoseti/V0200/quabo_master/bd/base_mb/ip/base_mb_axi_ethernet_1_0/bd_0/synth/base_mb_axi_ethernet_1_0.hwdef
INFO: [BD 41-1029] Generation completed for the IP Integrator block axi_ethernet_1 .
INFO: [BD 41-1029] Generation completed for the IP Integrator block OBUFDS_FOR_CLK_0 .
INFO: [BD 41-1029] Generation completed for the IP Integrator block FIFO_for_AXIS_0 .
INFO: [BD 41-1029] Generation completed for the IP Integrator block ETH_CORE_CTRL_0 .
INFO: [BD 41-1029] Generation completed for the IP Integrator block ETH_CORE_CTRL_1 .
INFO: [BD 41-1029] Generation completed for the IP Integrator block PPS_IO_0 .
INFO: [BD 41-1029] Generation completed for the IP Integrator block xlslice_0 .
INFO: [BD 41-1029] Generation completed for the IP Integrator block xlslice_1 .
INFO: [BD 41-1029] Generation completed for the IP Integrator block firmware_ID_ROM_0 .
INFO: [BD 41-1029] Generation completed for the IP Integrator block Bit_29_24 .
INFO: [BD 41-1029] Generation completed for the IP Integrator block delay_0 .
INFO: [BD 41-1029] Generation completed for the IP Integrator block delay_1 .
INFO: [BD 41-1029] Generation completed for the IP Integrator block IBUFDS_FOR_CLK_0 .
INFO: [BD 41-1029] Generation completed for the IP Integrator block step_drive_0 .
INFO: [BD 41-1029] Generation completed for the IP Integrator block pinout_three_state_0 .
INFO: [BD 41-1029] Generation completed for the IP Integrator block HighSpeed_IM_v1_0_0 .
INFO: [BD 41-1029] Generation completed for the IP Integrator block AXI_Stream_Switch_3_0 .
INFO: [BD 41-1029] Generation completed for the IP Integrator block axi_interconnect_0/xbar .
INFO: [BD 41-1029] Generation completed for the IP Integrator block microblaze_0_axi_periph/xbar .
INFO: [BD 41-1029] Generation completed for the IP Integrator block StepDrive_ShutterCtr_0 .
INFO: [BD 41-1029] Generation completed for the IP Integrator block IM_FIFO_0 .
INFO: [BD 41-1029] Generation completed for the IP Integrator block Bit_29_29 .
INFO: [BD 41-1029] Generation completed for the IP Integrator block HighSpeed_PH_v1_0_0 .
INFO: [BD 41-1029] Generation completed for the IP Integrator block AXI_Stream_Switch_3_1 .
INFO: [BD 41-1029] Generation completed for the IP Integrator block xlconstant_8 .
INFO: [BD 41-1029] Generation completed for the IP Integrator block xlconstant_9 .
INFO: [BD 41-1029] Generation completed for the IP Integrator block xlconstant_10 .
INFO: [BD 41-1029] Generation completed for the IP Integrator block xlconstant_11 .
INFO: [BD 41-1029] Generation completed for the IP Integrator block PH_BL_FIFO_0 .
Exporting to file /media/wei/DATA/LW/Project/Vivado_Project/Panoseti/V0200/quabo_master/bd/base_mb/hw_handoff/base_mb.hwh
Generated Block Design Tcl file /media/wei/DATA/LW/Project/Vivado_Project/Panoseti/V0200/quabo_master/bd/base_mb/hw_handoff/base_mb_bd.tcl
Generated Hardware Definition File /media/wei/DATA/LW/Project/Vivado_Project/Panoseti/V0200/quabo_master/bd/base_mb/synth/base_mb.hwdef
generate_target: Time (s): cpu = 00:00:14 ; elapsed = 00:00:25 . Memory (MB): peak = 7475.598 ; gain = 0.000 ; free physical = 12684 ; free virtual = 34635
export_ip_user_files -of_objects [get_files /media/wei/DATA/LW/Project/Vivado_Project/Panoseti/V0200/quabo_master/bd/base_mb/base_mb.bd] -no_script -sync -force -quiet
export_simulation -of_objects [get_files /media/wei/DATA/LW/Project/Vivado_Project/Panoseti/V0200/quabo_master/bd/base_mb/base_mb.bd] -directory /media/wei/DATA/LW/Project/Vivado_Project/Panoseti/V0200/build/quabo_V0200/quabo_V0200.ip_user_files/sim_scripts -ip_user_files_dir /media/wei/DATA/LW/Project/Vivado_Project/Panoseti/V0200/build/quabo_V0200/quabo_V0200.ip_user_files -ipstatic_source_dir /media/wei/DATA/LW/Project/Vivado_Project/Panoseti/V0200/build/quabo_V0200/quabo_V0200.ip_user_files/ipstatic -lib_map_path [list {modelsim=/media/wei/DATA/LW/Project/Vivado_Project/Panoseti/V0200/build/quabo_V0200/quabo_V0200.cache/compile_simlib/modelsim} {questa=/media/wei/DATA/LW/Project/Vivado_Project/Panoseti/V0200/build/quabo_V0200/quabo_V0200.cache/compile_simlib/questa} {ies=/media/wei/DATA/LW/Project/Vivado_Project/Panoseti/V0200/build/quabo_V0200/quabo_V0200.cache/compile_simlib/ies} {xcelium=/media/wei/DATA/LW/Project/Vivado_Project/Panoseti/V0200/build/quabo_V0200/quabo_V0200.cache/compile_simlib/xcelium} {vcs=/media/wei/DATA/LW/Project/Vivado_Project/Panoseti/V0200/build/quabo_V0200/quabo_V0200.cache/compile_simlib/vcs} {riviera=/media/wei/DATA/LW/Project/Vivado_Project/Panoseti/V0200/build/quabo_V0200/quabo_V0200.cache/compile_simlib/riviera}] -use_ip_compiled_libs -force -quiet
launch_runs synth_1 -jobs 6
[Mon Nov 22 13:59:04 2021] Launched synth_1...
Run output will be captured here: /media/wei/DATA/LW/Project/Vivado_Project/Panoseti/V0200/build/quabo_V0200/quabo_V0200.runs/synth_1/runme.log
reset_target all [get_files  /media/wei/DATA/LW/Project/Vivado_Project/Panoseti/V0200/quabo_master/bd/base_mb/base_mb.bd]
INFO: [BD 41-1983] Skipping reset outputs for the ip wrc_board_quabo_Light_0, which is locked by user.
reset_target: Time (s): cpu = 00:00:03 ; elapsed = 00:00:11 . Memory (MB): peak = 7729.188 ; gain = 0.000 ; free physical = 12327 ; free virtual = 34492
export_ip_user_files -of_objects  [get_files  /media/wei/DATA/LW/Project/Vivado_Project/Panoseti/V0200/quabo_master/bd/base_mb/base_mb.bd] -sync -no_script -force -quiet
generate_target all [get_files  /media/wei/DATA/LW/Project/Vivado_Project/Panoseti/V0200/quabo_master/bd/base_mb/base_mb.bd]
INFO: [BD 41-1662] The design 'base_mb.bd' is already validated. Therefore parameter propagation will not be re-run.
CRITICAL WARNING: [BD 41-49] Could not find abstraction definition for the interface: sfp 
CRITICAL WARNING: [BD 41-49] Could not find abstraction definition for the interface: sfp 
CRITICAL WARNING: [BD 41-49] Could not find abstraction definition for the interface: sfp 
CRITICAL WARNING: [BD 41-49] Could not find abstraction definition for the interface: sfp 
CRITICAL WARNING: [BD 41-49] Could not find abstraction definition for the interface: sfp 
CRITICAL WARNING: [BD 41-49] Could not find abstraction definition for the interface: uart 
CRITICAL WARNING: [BD 41-49] Could not find abstraction definition for the interface: uart 
CRITICAL WARNING: [BD 41-49] Could not find abstraction definition for the interface: sfp 
CRITICAL WARNING: [BD 41-49] Could not find abstraction definition for the interface: sfp 
CRITICAL WARNING: [BD 41-49] Could not find abstraction definition for the interface: sfp 
CRITICAL WARNING: [BD 41-49] Could not find abstraction definition for the interface: sfp 
CRITICAL WARNING: [BD 41-49] Could not find abstraction definition for the interface: sfp 
CRITICAL WARNING: [BD 41-49] Could not find abstraction definition for the interface: sfp 
CRITICAL WARNING: [BD 41-49] Could not find abstraction definition for the interface: sfp 
CRITICAL WARNING: [BD 41-49] Could not find abstraction definition for the interface: sfp 
CRITICAL WARNING: [BD 41-49] Could not find abstraction definition for the interface: sfp 
CRITICAL WARNING: [BD 41-49] Could not find abstraction definition for the interface: sfp 
CRITICAL WARNING: [BD 41-49] Could not find abstraction definition for the interface: sfp 
CRITICAL WARNING: [BD 41-49] Could not find abstraction definition for the interface: uart 
CRITICAL WARNING: [BD 41-49] Could not find abstraction definition for the interface: uart 
VHDL Output written to : /media/wei/DATA/LW/Project/Vivado_Project/Panoseti/V0200/quabo_master/bd/base_mb/synth/base_mb.v
VHDL Output written to : /media/wei/DATA/LW/Project/Vivado_Project/Panoseti/V0200/quabo_master/bd/base_mb/sim/base_mb.v
VHDL Output written to : /media/wei/DATA/LW/Project/Vivado_Project/Panoseti/V0200/quabo_master/bd/base_mb/hdl/base_mb_wrapper.v
INFO: [BD 41-1029] Generation completed for the IP Integrator block microblaze_0 .
INFO: [Device 21-403] Loading part xc7k160tfbg676-1
INFO: [BD 41-1029] Generation completed for the IP Integrator block mdm_1 .
INFO: [BD 41-1029] Generation completed for the IP Integrator block clk_wiz_1 .
INFO: [BD 41-1029] Generation completed for the IP Integrator block rst_clk_wiz_1_100M .
INFO: [BD 41-1029] Generation completed for the IP Integrator block axi_uartlite_0 .
INFO: [BD 41-1029] Generation completed for the IP Integrator block microblaze_0_local_memory/dlmb_v10 .
INFO: [BD 41-1029] Generation completed for the IP Integrator block microblaze_0_local_memory/ilmb_v10 .
INFO: [BD 41-1029] Generation completed for the IP Integrator block microblaze_0_local_memory/dlmb_bram_if_cntlr .
INFO: [BD 41-1029] Generation completed for the IP Integrator block microblaze_0_local_memory/ilmb_bram_if_cntlr .
INFO: [BD 41-1029] Generation completed for the IP Integrator block microblaze_0_local_memory/lmb_bram .
Exporting to file /media/wei/DATA/LW/Project/Vivado_Project/Panoseti/V0200/quabo_master/bd/base_mb/ip/base_mb_axi_ethernet_0_0/bd_0/hw_handoff/base_mb_axi_ethernet_0_0.hwh
Generated Block Design Tcl file /media/wei/DATA/LW/Project/Vivado_Project/Panoseti/V0200/quabo_master/bd/base_mb/ip/base_mb_axi_ethernet_0_0/bd_0/hw_handoff/base_mb_axi_ethernet_0_0_bd.tcl
Generated Hardware Definition File /media/wei/DATA/LW/Project/Vivado_Project/Panoseti/V0200/quabo_master/bd/base_mb/ip/base_mb_axi_ethernet_0_0/bd_0/synth/base_mb_axi_ethernet_0_0.hwdef
INFO: [BD 41-1029] Generation completed for the IP Integrator block axi_ethernet_0 .
INFO: [BD 41-1029] Generation completed for the IP Integrator block axi_ethernet_0_fifo .
INFO: [BD 41-1029] Generation completed for the IP Integrator block axi_intc_0 .
INFO: [BD 41-1029] Generation completed for the IP Integrator block axi_timer_0 .
INFO: [BD 41-1029] Generation completed for the IP Integrator block xlconstant_0 .
INFO: [BD 41-1029] Generation completed for the IP Integrator block axi_iic_0 .
INFO: [BD 41-1029] Generation completed for the IP Integrator block xlconstant_1 .
INFO: [BD 41-1029] Generation completed for the IP Integrator block xlconcat_0 .
INFO: [BD 41-1029] Generation completed for the IP Integrator block axi_quad_spi_0 .
INFO: [IP_Flow 19-3422] Upgraded fifo_32by128 (FIFO Generator 13.2) from revision 1 to revision 3
INFO: [BD 41-1029] Generation completed for the IP Integrator block maroc_slow_control_0 .
INFO: [BD 41-1029] Generation completed for the IP Integrator block maroc_dc_0 .
INFO: [BD 41-1029] Generation completed for the IP Integrator block xlconstant_2 .
INFO: [BD 41-1029] Generation completed for the IP Integrator block GPIO .
INFO: [BD 41-1029] Generation completed for the IP Integrator block Bit_0_0 .
INFO: [BD 41-1029] Generation completed for the IP Integrator block rst_clk_wiz_1_100M_1 .
INFO: [BD 41-1029] Generation completed for the IP Integrator block xadc_wiz_0 .
INFO: [BD 41-1029] Generation completed for the IP Integrator block stim_gen_0 .
INFO: [BD 41-1029] Generation completed for the IP Integrator block Bit_1_1 .
INFO: [BD 41-1029] Generation completed for the IP Integrator block Bit_2_9 .
INFO: [BD 41-1029] Generation completed for the IP Integrator block xlslice_3 .
INFO: [BD 41-1029] Generation completed for the IP Integrator block xlconstant_3 .
INFO: [BD 41-1029] Generation completed for the IP Integrator block in_buf_ds_4bit_0 .
INFO: [BD 41-1029] Generation completed for the IP Integrator block in_buf_ds_1bit_0 .
INFO: [BD 41-1029] Generation completed for the IP Integrator block clk_wiz_0 .
INFO: [BD 41-1029] Generation completed for the IP Integrator block elapsed_time_gen_0 .
INFO: [BD 41-1029] Generation completed for the IP Integrator block in_buf_ds_adcbitclk .
INFO: [BD 41-1029] Generation completed for the IP Integrator block axi_timebase_wdt_0 .
INFO: [BD 41-1029] Generation completed for the IP Integrator block Bit_10_13 .
INFO: [BD 41-1029] Generation completed for the IP Integrator block Bit_14_14 .
INFO: [BD 41-1029] Generation completed for the IP Integrator block SPI_MUX_1 .
INFO: [BD 41-1029] Generation completed for the IP Integrator block SPI_access_0 .
INFO: [BD 41-1029] Generation completed for the IP Integrator block Bit_15_15 .
INFO: [BD 41-1029] Generation completed for the IP Integrator block xlconstant_4 .
INFO: [BD 41-1029] Generation completed for the IP Integrator block xlconstant_5 .
INFO: [BD 41-1029] Generation completed for the IP Integrator block xlconstant_6 .
INFO: [BD 41-1029] Generation completed for the IP Integrator block flash_control_0 .
INFO: [BD 41-1029] Generation completed for the IP Integrator block Bit_16_18 .
INFO: [BD 41-1029] Generation completed for the IP Integrator block Bit_19_23 .
INFO: [BD 41-1029] Generation completed for the IP Integrator block Bit_24_27 .
INFO: [BD 41-1029] Generation completed for the IP Integrator block axi_gpio_mech .
INFO: [BD 41-1029] Generation completed for the IP Integrator block Bit_3_0 .
INFO: [BD 41-1029] Generation completed for the IP Integrator block xlconcat_2 .
INFO: [BD 41-1029] Generation completed for the IP Integrator block Bit_21_21 .
INFO: [BD 41-1029] Generation completed for the IP Integrator block Bit_23_23 .
INFO: [BD 41-1029] Generation completed for the IP Integrator block Bit_28_28 .
INFO: [BD 41-1029] Generation completed for the IP Integrator block axi_quad_spi_1 .
INFO: [BD 41-1029] Generation completed for the IP Integrator block SPI_STARTUP_0 .
INFO: [BD 41-1029] Generation completed for the IP Integrator block axi_hwicap_0 .
INFO: [BD 41-1029] Generation completed for the IP Integrator block axi_spi_sel .
INFO: [BD 41-1029] Generation completed for the IP Integrator block axi_timer_1 .
INFO: [BD 41-1029] Generation completed for the IP Integrator block xlconstant_7 .
Exporting to file /media/wei/DATA/LW/Project/Vivado_Project/Panoseti/V0200/quabo_master/bd/base_mb/ip/base_mb_axi_ethernet_1_0/bd_0/hw_handoff/base_mb_axi_ethernet_1_0.hwh
Generated Block Design Tcl file /media/wei/DATA/LW/Project/Vivado_Project/Panoseti/V0200/quabo_master/bd/base_mb/ip/base_mb_axi_ethernet_1_0/bd_0/hw_handoff/base_mb_axi_ethernet_1_0_bd.tcl
Generated Hardware Definition File /media/wei/DATA/LW/Project/Vivado_Project/Panoseti/V0200/quabo_master/bd/base_mb/ip/base_mb_axi_ethernet_1_0/bd_0/synth/base_mb_axi_ethernet_1_0.hwdef
INFO: [BD 41-1029] Generation completed for the IP Integrator block axi_ethernet_1 .
INFO: [BD 41-1029] Generation completed for the IP Integrator block OBUFDS_FOR_CLK_0 .
INFO: [IP_Flow 19-3420] Updated fifo_generator_1 to use current project options
INFO: [BD 41-1029] Generation completed for the IP Integrator block FIFO_for_AXIS_0 .
INFO: [IP_Flow 19-3420] Updated fifo_generator_0 to use current project options
INFO: [BD 41-1029] Generation completed for the IP Integrator block ETH_CORE_CTRL_0 .
INFO: [BD 41-1029] Generation completed for the IP Integrator block ETH_CORE_CTRL_1 .
INFO: [BD 41-1029] Generation completed for the IP Integrator block PPS_IO_0 .
INFO: [BD 41-1029] Generation completed for the IP Integrator block xlslice_0 .
INFO: [BD 41-1029] Generation completed for the IP Integrator block xlslice_1 .
INFO: [BD 41-1029] Generation completed for the IP Integrator block firmware_ID_ROM_0 .
INFO: [BD 41-1029] Generation completed for the IP Integrator block Bit_29_24 .
INFO: [BD 41-1029] Generation completed for the IP Integrator block delay_0 .
INFO: [BD 41-1029] Generation completed for the IP Integrator block delay_1 .
INFO: [BD 41-1029] Generation completed for the IP Integrator block IBUFDS_FOR_CLK_0 .
INFO: [BD 41-1029] Generation completed for the IP Integrator block step_drive_0 .
INFO: [BD 41-1029] Generation completed for the IP Integrator block pinout_three_state_0 .
INFO: [BD 41-1029] Generation completed for the IP Integrator block HighSpeed_IM_v1_0_0 .
INFO: [BD 41-1029] Generation completed for the IP Integrator block AXI_Stream_Switch_3_0 .
INFO: [BD 41-1029] Generation completed for the IP Integrator block axi_interconnect_0/xbar .
INFO: [BD 41-1029] Generation completed for the IP Integrator block microblaze_0_axi_periph/xbar .
INFO: [BD 41-1029] Generation completed for the IP Integrator block StepDrive_ShutterCtr_0 .
INFO: [BD 41-1029] Generation completed for the IP Integrator block IM_FIFO_0 .
INFO: [BD 41-1029] Generation completed for the IP Integrator block Bit_29_29 .
INFO: [BD 41-1029] Generation completed for the IP Integrator block HighSpeed_PH_v1_0_0 .
INFO: [BD 41-1029] Generation completed for the IP Integrator block AXI_Stream_Switch_3_1 .
INFO: [BD 41-1029] Generation completed for the IP Integrator block xlconstant_8 .
INFO: [BD 41-1029] Generation completed for the IP Integrator block xlconstant_9 .
INFO: [BD 41-1029] Generation completed for the IP Integrator block xlconstant_10 .
INFO: [BD 41-1029] Generation completed for the IP Integrator block xlconstant_11 .
INFO: [BD 41-1029] Generation completed for the IP Integrator block PH_BL_FIFO_0 .
Exporting to file /media/wei/DATA/LW/Project/Vivado_Project/Panoseti/V0200/quabo_master/bd/base_mb/hw_handoff/base_mb.hwh
Generated Block Design Tcl file /media/wei/DATA/LW/Project/Vivado_Project/Panoseti/V0200/quabo_master/bd/base_mb/hw_handoff/base_mb_bd.tcl
Generated Hardware Definition File /media/wei/DATA/LW/Project/Vivado_Project/Panoseti/V0200/quabo_master/bd/base_mb/synth/base_mb.hwdef
generate_target: Time (s): cpu = 00:00:29 ; elapsed = 00:00:35 . Memory (MB): peak = 7952.312 ; gain = 0.000 ; free physical = 11474 ; free virtual = 34185
export_ip_user_files -of_objects [get_files /media/wei/DATA/LW/Project/Vivado_Project/Panoseti/V0200/quabo_master/bd/base_mb/base_mb.bd] -no_script -sync -force -quiet
export_simulation -of_objects [get_files /media/wei/DATA/LW/Project/Vivado_Project/Panoseti/V0200/quabo_master/bd/base_mb/base_mb.bd] -directory /media/wei/DATA/LW/Project/Vivado_Project/Panoseti/V0200/build/quabo_V0200/quabo_V0200.ip_user_files/sim_scripts -ip_user_files_dir /media/wei/DATA/LW/Project/Vivado_Project/Panoseti/V0200/build/quabo_V0200/quabo_V0200.ip_user_files -ipstatic_source_dir /media/wei/DATA/LW/Project/Vivado_Project/Panoseti/V0200/build/quabo_V0200/quabo_V0200.ip_user_files/ipstatic -lib_map_path [list {modelsim=/media/wei/DATA/LW/Project/Vivado_Project/Panoseti/V0200/build/quabo_V0200/quabo_V0200.cache/compile_simlib/modelsim} {questa=/media/wei/DATA/LW/Project/Vivado_Project/Panoseti/V0200/build/quabo_V0200/quabo_V0200.cache/compile_simlib/questa} {ies=/media/wei/DATA/LW/Project/Vivado_Project/Panoseti/V0200/build/quabo_V0200/quabo_V0200.cache/compile_simlib/ies} {xcelium=/media/wei/DATA/LW/Project/Vivado_Project/Panoseti/V0200/build/quabo_V0200/quabo_V0200.cache/compile_simlib/xcelium} {vcs=/media/wei/DATA/LW/Project/Vivado_Project/Panoseti/V0200/build/quabo_V0200/quabo_V0200.cache/compile_simlib/vcs} {riviera=/media/wei/DATA/LW/Project/Vivado_Project/Panoseti/V0200/build/quabo_V0200/quabo_V0200.cache/compile_simlib/riviera}] -use_ip_compiled_libs -force -quiet
exit
INFO: [Common 17-206] Exiting Vivado at Mon Nov 22 14:15:56 2021...
